mode: atomic
user-service/internal/handlers/user_handler.go:22.50,24.2 1 16
user-service/internal/handlers/user_handler.go:26.49,28.16 2 1
user-service/internal/handlers/user_handler.go:28.16,31.3 2 0
user-service/internal/handlers/user_handler.go:32.2,32.28 1 1
user-service/internal/handlers/user_handler.go:35.45,39.16 4 2
user-service/internal/handlers/user_handler.go:39.16,42.3 2 0
user-service/internal/handlers/user_handler.go:43.2,43.17 1 2
user-service/internal/handlers/user_handler.go:43.17,46.3 2 1
user-service/internal/handlers/user_handler.go:47.2,47.29 1 1
user-service/internal/handlers/user_handler.go:50.47,52.16 2 1
user-service/internal/handlers/user_handler.go:52.16,55.3 2 0
user-service/internal/handlers/user_handler.go:56.2,56.17 1 1
user-service/internal/handlers/user_handler.go:56.17,59.3 2 0
user-service/internal/handlers/user_handler.go:60.2,60.29 1 1
user-service/internal/handlers/user_handler.go:63.48,65.48 2 2
user-service/internal/handlers/user_handler.go:65.48,67.3 1 0
user-service/internal/handlers/user_handler.go:68.2,70.28 3 2
user-service/internal/handlers/user_handler.go:70.28,73.3 2 1
user-service/internal/handlers/user_handler.go:74.2,77.16 4 1
user-service/internal/handlers/user_handler.go:77.16,80.3 2 0
user-service/internal/handlers/user_handler.go:81.2,81.20 1 1
user-service/internal/handlers/user_handler.go:81.20,84.3 2 0
user-service/internal/handlers/user_handler.go:85.2,85.32 1 1
user-service/internal/handlers/user_handler.go:88.50,92.48 2 2
user-service/internal/handlers/user_handler.go:92.48,94.3 1 0
user-service/internal/handlers/user_handler.go:95.2,95.49 1 2
user-service/internal/handlers/user_handler.go:95.49,98.3 2 1
user-service/internal/handlers/user_handler.go:99.2,100.16 2 1
user-service/internal/handlers/user_handler.go:100.16,103.3 2 0
user-service/internal/handlers/user_handler.go:104.2,104.20 1 1
user-service/internal/handlers/user_handler.go:104.20,107.3 2 0
user-service/internal/handlers/user_handler.go:108.2,108.32 1 1
user-service/internal/handlers/user_handler.go:111.50,113.16 2 2
user-service/internal/handlers/user_handler.go:113.16,116.3 2 0
user-service/internal/handlers/user_handler.go:117.2,117.18 1 2
user-service/internal/handlers/user_handler.go:117.18,120.3 2 1
user-service/internal/handlers/user_handler.go:121.2,121.32 1 1
user-service/internal/handlers/user_handler.go:124.46,126.13 2 2
user-service/internal/handlers/user_handler.go:126.13,129.3 2 1
user-service/internal/handlers/user_handler.go:130.2,131.16 2 1
user-service/internal/handlers/user_handler.go:131.16,134.3 2 0
user-service/internal/handlers/user_handler.go:135.2,135.46 1 1
user-service/internal/handlers/user_handler.go:138.46,140.2 1 1
user-service/internal/middleware/jwt_middleware.go:11.60,13.2 1 2
user-service/internal/middleware/jwt_middleware.go:15.53,16.30 1 2
user-service/internal/middleware/jwt_middleware.go:16.30,21.30 4 2
user-service/internal/middleware/jwt_middleware.go:21.30,24.4 2 1
user-service/internal/middleware/jwt_middleware.go:25.3,26.11 2 1
user-service/internal/middleware/jwt_middleware.go:30.50,32.30 2 1
user-service/internal/middleware/jwt_middleware.go:32.30,34.10 2 1
user-service/internal/middleware/jwt_middleware.go:34.10,37.4 2 0
user-service/internal/middleware/jwt_middleware.go:38.3,40.41 3 1
user-service/internal/middleware/jwt_middleware.go:40.41,43.4 2 1
user-service/internal/middleware/jwt_middleware.go:44.3,44.11 1 0
user-service/internal/middleware/metrics_middleware.go:32.45,33.30 1 0
user-service/internal/middleware/metrics_middleware.go:33.30,45.3 8 0
user-service/cmd/main.go:12.13,15.16 3 0
user-service/cmd/main.go:15.16,17.3 1 0
user-service/cmd/main.go:18.2,18.50 1 0
user-service/cmd/main.go:18.50,20.3 1 0
user-service/cmd/main.go:22.2,24.53 3 0
user-service/cmd/main.go:24.53,26.3 1 0
user-service/internal/config/config.go:15.20,22.2 2 0
user-service/internal/config/config.go:24.42,25.34 1 0
user-service/internal/config/config.go:25.34,27.3 1 0
user-service/internal/config/config.go:28.2,28.17 1 0
user-service/internal/models/user.go:16.32,18.2 1 0
user-service/internal/repository/db.go:8.42,10.2 1 0
user-service/internal/repository/db.go:12.36,25.2 1 0
user-service/internal/repository/user_repository.go:14.53,16.2 1 0
user-service/internal/repository/user_repository.go:18.91,21.18 3 0
user-service/internal/repository/user_repository.go:21.18,24.3 2 0
user-service/internal/repository/user_repository.go:25.2,26.19 2 0
user-service/internal/repository/user_repository.go:29.68,32.16 3 0
user-service/internal/repository/user_repository.go:32.16,33.36 1 0
user-service/internal/repository/user_repository.go:33.36,35.4 1 0
user-service/internal/repository/user_repository.go:36.3,36.18 1 0
user-service/internal/repository/user_repository.go:38.2,38.16 1 0
user-service/internal/repository/user_repository.go:41.97,43.17 2 0
user-service/internal/repository/user_repository.go:43.17,45.3 1 0
user-service/internal/repository/user_repository.go:46.2,46.19 1 0
user-service/internal/repository/user_repository.go:46.19,48.3 1 0
user-service/internal/repository/user_repository.go:49.2,49.23 1 0
user-service/internal/repository/user_repository.go:49.23,51.3 1 0
user-service/internal/repository/user_repository.go:52.2,62.22 4 0
user-service/internal/repository/user_repository.go:62.22,64.3 1 0
user-service/internal/repository/user_repository.go:65.2,65.27 1 0
user-service/internal/repository/user_repository.go:65.27,67.3 1 0
user-service/internal/repository/user_repository.go:68.2,68.120 1 0
user-service/internal/repository/user_repository.go:71.78,81.22 3 0
user-service/internal/repository/user_repository.go:81.22,83.3 1 0
user-service/internal/repository/user_repository.go:84.2,84.27 1 0
user-service/internal/repository/user_repository.go:84.27,86.3 1 0
user-service/internal/repository/user_repository.go:87.2,87.80 1 0
user-service/internal/repository/user_repository.go:90.63,93.2 2 0
user-service/internal/repository/user_repository.go:95.69,100.2 4 0
user-service/internal/services/user_service.go:14.47,16.2 1 0
user-service/internal/services/user_service.go:18.86,20.15 2 0
user-service/internal/services/user_service.go:20.15,22.3 1 0
user-service/internal/services/user_service.go:23.2,24.16 2 0
user-service/internal/services/user_service.go:24.16,26.3 1 0
user-service/internal/services/user_service.go:27.2,29.16 3 0
user-service/internal/services/user_service.go:29.16,31.3 1 0
user-service/internal/services/user_service.go:32.2,32.74 1 0
user-service/internal/services/user_service.go:35.55,37.2 1 0
user-service/internal/services/user_service.go:39.89,41.2 1 0
user-service/internal/services/user_service.go:43.75,45.2 1 0
user-service/internal/services/user_service.go:47.60,49.2 1 0
user-service/internal/services/user_service.go:51.66,53.2 1 0
user-service/internal/routes/routes.go:13.78,20.16 4 0
user-service/internal/routes/routes.go:20.16,21.13 1 0
user-service/internal/routes/routes.go:23.2,29.2 4 0
user-service/internal/routes/routes.go:29.2,38.3 7 0
user-service/internal/routes/routes.go:40.2,41.10 2 0
